15-Aug-20 00:58:32 Dimass-MacBook-Pro.local INFO [cms.handler] - 
-=[cms started successfully using the development profile]=-
15-Aug-20 00:58:32 Dimass-MacBook-Pro.local INFO [cms.core] - server started on port: 3000
15-Sep-06 19:48:55 Dimass-MacBook-Pro.local INFO [cms.handler] - 
-=[cms started successfully using the development profile]=-
15-Sep-06 19:48:55 Dimass-MacBook-Pro.local INFO [cms.core] - server started on port: 3000
15-Sep-06 19:57:09 Dimass-MacBook-Pro.local INFO [cms.handler] - 
-=[cms started successfully using the development profile]=-
15-Sep-06 20:55:56 Dimass-MacBook-Pro.local INFO [cms.handler] - 
-=[cms started successfully using the development profile]=-
15-Sep-06 21:09:13 Dimass-MacBook-Pro.local INFO [cms.handler] - 
-=[cms started successfully using the development profile]=-
15-Sep-08 12:41:04 Dimass-MacBook-Pro.local INFO [cms.handler] - 
-=[cms started successfully using the development profile]=-
15-Sep-08 12:41:05 Dimass-MacBook-Pro.local INFO [cms.core] - server started on port: 3000
15-Sep-10 00:05:52 Dimass-MacBook-Pro.local INFO [cms.handler] - 
-=[cms started successfully using the development profile]=-
15-Sep-10 00:31:07 Dimass-MacBook-Pro.local INFO [cms.handler] - cms is shutting down...
15-Sep-10 00:31:07 Dimass-MacBook-Pro.local INFO [cms.handler] - shutdown complete!
15-Sep-10 00:31:18 Dimass-MacBook-Pro.local INFO [cms.handler] - 
-=[cms started successfully using the development profile]=-
15-Sep-10 00:41:26 Dimass-MacBook-Pro.local INFO [cms.handler] - 
-=[cms started successfully using the development profile]=-
15-Sep-10 01:51:06 Dimass-MacBook-Pro.local INFO [cms.handler] - 
-=[cms started successfully using the development profile]=-
15-Sep-10 02:18:42 Dimass-MacBook-Pro.local INFO [cms.handler] - 
-=[cms started successfully using the development profile]=-
15-Sep-10 02:42:47 Dimass-MacBook-Pro.local INFO [cms.handler] - 
-=[cms started successfully using the development profile]=-
15-Sep-10 03:17:08 Dimass-MacBook-Pro.local INFO [cms.handler] - cms is shutting down...
15-Sep-10 03:17:08 Dimass-MacBook-Pro.local INFO [cms.handler] - shutdown complete!
15-Sep-10 03:17:17 Dimass-MacBook-Pro.local INFO [cms.handler] - 
-=[cms started successfully using the development profile]=-
15-Sep-10 10:08:18 Dimass-MacBook-Pro.local INFO [cms.handler] - cms is shutting down...
15-Sep-10 10:08:18 Dimass-MacBook-Pro.local INFO [cms.handler] - shutdown complete!
15-Sep-15 22:58:35 Dimass-MacBook-Pro.local INFO [cms.handler] - 
-=[cms started successfully using the development profile]=-
15-Sep-17 16:00:41 Dimass-MBP.lan INFO [cms.handler] - 
-=[cms started successfully using the development profile]=-
15-Sep-17 16:44:13 Dimass-MBP.lan INFO [cms.handler] - cms is shutting down...
15-Sep-17 16:44:13 Dimass-MBP.lan INFO [cms.handler] - shutdown complete!
15-Sep-17 16:44:19 Dimass-MBP.lan INFO [cms.handler] - 
-=[cms started successfully using the development profile]=-
15-Sep-18 18:06:59 Dimass-MacBook-Pro.local INFO [cms.handler] - 
-=[cms started successfully using the development profile]=-
15-Sep-18 21:16:00 Dimass-MBP.lan INFO [cms.handler] - 
-=[cms started successfully using the development profile]=-
15-Sep-18 21:17:19 Dimass-MBP.lan INFO [cms.handler] - cms is shutting down...
15-Sep-18 21:17:19 Dimass-MBP.lan INFO [cms.handler] - shutdown complete!
15-Sep-18 21:17:31 Dimass-MBP.lan INFO [cms.handler] - 
-=[cms started successfully using the development profile]=-
15-Sep-18 21:23:57 Dimass-MBP.lan INFO [cms.handler] - cms is shutting down...
15-Sep-18 21:23:57 Dimass-MBP.lan INFO [cms.handler] - shutdown complete!
15-Sep-18 21:24:02 Dimass-MBP.lan INFO [cms.handler] - 
-=[cms started successfully using the development profile]=-
15-Sep-18 21:33:28 Dimass-MBP.lan INFO [cms.handler] - 
-=[cms started successfully using the development profile]=-
15-Sep-18 21:37:58 Dimass-MBP.lan INFO [cms.handler] - 
-=[cms started successfully using the development profile]=-
15-Sep-21 13:08:50 Dimass-MBP.lan INFO [cms.handler] - 
-=[cms started successfully using the development profile]=-
15-Sep-21 13:08:55 Dimass-MBP.lan INFO [cms.handler] - 
-=[cms started successfully using the development profile]=-
15-Sep-21 14:53:36 Dimass-MacBook-Pro.local INFO [cms.handler] - 
-=[cms started successfully using the development profile]=-
15-Sep-21 15:00:51 Dimass-MacBook-Pro.local INFO [cms.handler] - 
-=[cms started successfully using the development profile]=-
15-Sep-21 15:15:13 Dimass-MacBook-Pro.local INFO [cms.handler] - 
-=[cms started successfully using the development profile]=-
15-Sep-21 15:22:40 Dimass-MacBook-Pro.local INFO [cms.handler] - cms is shutting down...
15-Sep-21 15:22:40 Dimass-MacBook-Pro.local INFO [cms.handler] - shutdown complete!
15-Oct-08 14:25:27 Dimass-MacBook-Pro.local INFO [cms.handler] - 
-=[cms started successfully using the development profile]=-
